{"C:\\Users\\JDantas\\Documents\\github-issue-tracker\\src\\components\\CustomButton\\index.tsx": {"path":"C:\\Users\\JDantas\\Documents\\github-issue-tracker\\src\\components\\CustomButton\\index.tsx","statementMap":{"0":{"start":{"line":18,"column":4},"end":{"line":18,"column":9}},"1":{"start":{"line":20,"column":22},"end":{"line":25,"column":3}},"2":{"start":{"line":27,"column":26},"end":{"line":27,"column":88}},"3":{"start":{"line":29,"column":2},"end":{"line":35,"column":4}}},"fnMap":{"0":{"name":"CustomButton","decl":{"start":{"line":10,"column":24},"end":{"line":10,"column":36}},"loc":{"start":{"line":10,"column":81},"end":{"line":36,"column":1}},"line":10}},"branchMap":{"0":{"loc":{"start":{"line":13,"column":4},"end":{"line":13,"column":20}},"type":"default-arg","locations":[{"start":{"line":13,"column":11},"end":{"line":13,"column":20}}],"line":13},"1":{"loc":{"start":{"line":23,"column":4},"end":{"line":23,"column":50}},"type":"cond-expr","locations":[{"start":{"line":23,"column":15},"end":{"line":23,"column":45}},{"start":{"line":23,"column":48},"end":{"line":23,"column":50}}],"line":23},"2":{"loc":{"start":{"line":27,"column":47},"end":{"line":27,"column":87}},"type":"cond-expr","locations":[{"start":{"line":27,"column":58},"end":{"line":27,"column":82}},{"start":{"line":27,"column":85},"end":{"line":27,"column":87}}],"line":27},"3":{"loc":{"start":{"line":32,"column":7},"end":{"line":32,"column":93}},"type":"binary-expr","locations":[{"start":{"line":32,"column":7},"end":{"line":32,"column":20}},{"start":{"line":32,"column":24},"end":{"line":32,"column":93}}],"line":32}},"s":{"0":2,"1":2,"2":2,"3":2},"f":{"0":2},"b":{"0":[0],"1":[0,2],"2":[0,2],"3":[2,2]},"_coverageSchema":"1a1c01bbd47fc00a2c39e90264f33305004495a9","hash":"df840afb482102598306128e22cd1f5fd580d7fd"}
,"C:\\Users\\JDantas\\Documents\\github-issue-tracker\\src\\components\\CustomButton\\styles.tsx": {"path":"C:\\Users\\JDantas\\Documents\\github-issue-tracker\\src\\components\\CustomButton\\styles.tsx","statementMap":{},"fnMap":{},"branchMap":{},"s":{},"f":{},"b":{},"_coverageSchema":"1a1c01bbd47fc00a2c39e90264f33305004495a9","hash":"fde269697926cb6a674db24beeee8390c72176d8"}
,"C:\\Users\\JDantas\\Documents\\github-issue-tracker\\src\\components\\CustomText\\index.tsx": {"path":"C:\\Users\\JDantas\\Documents\\github-issue-tracker\\src\\components\\CustomText\\index.tsx","statementMap":{"0":{"start":{"line":14,"column":58},"end":{"line":14,"column":63}},"1":{"start":{"line":15,"column":16},"end":{"line":15,"column":77}},"2":{"start":{"line":17,"column":2},"end":{"line":17,"column":117}}},"fnMap":{"0":{"name":"CustomText","decl":{"start":{"line":13,"column":24},"end":{"line":13,"column":34}},"loc":{"start":{"line":13,"column":53},"end":{"line":18,"column":1}},"line":13}},"branchMap":{},"s":{"0":14,"1":14,"2":14},"f":{"0":14},"b":{},"_coverageSchema":"1a1c01bbd47fc00a2c39e90264f33305004495a9","hash":"49c1881552ea67fa671aa175aed47830a397258d"}
,"C:\\Users\\JDantas\\Documents\\github-issue-tracker\\src\\components\\CustomTextInput\\index.tsx": {"path":"C:\\Users\\JDantas\\Documents\\github-issue-tracker\\src\\components\\CustomTextInput\\index.tsx","statementMap":{"0":{"start":{"line":11,"column":36},"end":{"line":11,"column":57}},"1":{"start":{"line":13,"column":26},"end":{"line":13,"column":31}},"2":{"start":{"line":15,"column":2},"end":{"line":32,"column":4}},"3":{"start":{"line":28,"column":23},"end":{"line":28,"column":41}},"4":{"start":{"line":29,"column":22},"end":{"line":29,"column":41}}},"fnMap":{"0":{"name":"CustomTextInput","decl":{"start":{"line":10,"column":24},"end":{"line":10,"column":39}},"loc":{"start":{"line":10,"column":69},"end":{"line":33,"column":1}},"line":10},"1":{"name":"(anonymous_1)","decl":{"start":{"line":28,"column":17},"end":{"line":28,"column":18}},"loc":{"start":{"line":28,"column":23},"end":{"line":28,"column":41}},"line":28},"2":{"name":"(anonymous_2)","decl":{"start":{"line":29,"column":16},"end":{"line":29,"column":17}},"loc":{"start":{"line":29,"column":22},"end":{"line":29,"column":41}},"line":29}},"branchMap":{"0":{"loc":{"start":{"line":26,"column":45},"end":{"line":26,"column":84}},"type":"cond-expr","locations":[{"start":{"line":26,"column":57},"end":{"line":26,"column":68}},{"start":{"line":26,"column":71},"end":{"line":26,"column":84}}],"line":26}},"s":{"0":4,"1":4,"2":4,"3":0,"4":0},"f":{"0":4,"1":0,"2":0},"b":{"0":[0,4]},"_coverageSchema":"1a1c01bbd47fc00a2c39e90264f33305004495a9","hash":"660fed27e37d0eacd246c3ea50713007b034f24d"}
,"C:\\Users\\JDantas\\Documents\\github-issue-tracker\\src\\components\\CustomTextInput\\styles.tsx": {"path":"C:\\Users\\JDantas\\Documents\\github-issue-tracker\\src\\components\\CustomTextInput\\styles.tsx","statementMap":{},"fnMap":{},"branchMap":{},"s":{},"f":{},"b":{},"_coverageSchema":"1a1c01bbd47fc00a2c39e90264f33305004495a9","hash":"5c9e23e10733d11960010025a0cb93b75ae8b2d7"}
,"C:\\Users\\JDantas\\Documents\\github-issue-tracker\\src\\components\\CustomView\\index.tsx": {"path":"C:\\Users\\JDantas\\Documents\\github-issue-tracker\\src\\components\\CustomView\\index.tsx","statementMap":{"0":{"start":{"line":14,"column":58},"end":{"line":14,"column":63}},"1":{"start":{"line":15,"column":26},"end":{"line":15,"column":93}},"2":{"start":{"line":17,"column":2},"end":{"line":17,"column":98}}},"fnMap":{"0":{"name":"CustomView","decl":{"start":{"line":13,"column":24},"end":{"line":13,"column":34}},"loc":{"start":{"line":13,"column":53},"end":{"line":18,"column":1}},"line":13}},"branchMap":{},"s":{"0":2,"1":2,"2":2},"f":{"0":2},"b":{},"_coverageSchema":"1a1c01bbd47fc00a2c39e90264f33305004495a9","hash":"65bd55621e8300c9ed5fd748e5d286dfc9058515"}
,"C:\\Users\\JDantas\\Documents\\github-issue-tracker\\src\\constants\\Colors.ts": {"path":"C:\\Users\\JDantas\\Documents\\github-issue-tracker\\src\\constants\\Colors.ts","statementMap":{"0":{"start":{"line":1,"column":23},"end":{"line":1,"column":32}},"1":{"start":{"line":2,"column":22},"end":{"line":2,"column":28}}},"fnMap":{},"branchMap":{},"s":{"0":1,"1":1},"f":{},"b":{},"_coverageSchema":"1a1c01bbd47fc00a2c39e90264f33305004495a9","hash":"88804df234dc6b2089d79d72870df2a48feacbef"}
,"C:\\Users\\JDantas\\Documents\\github-issue-tracker\\src\\constants\\Layout.ts": {"path":"C:\\Users\\JDantas\\Documents\\github-issue-tracker\\src\\constants\\Layout.ts","statementMap":{"0":{"start":{"line":3,"column":14},"end":{"line":3,"column":44}},"1":{"start":{"line":4,"column":15},"end":{"line":4,"column":46}}},"fnMap":{},"branchMap":{},"s":{"0":1,"1":1},"f":{},"b":{},"_coverageSchema":"1a1c01bbd47fc00a2c39e90264f33305004495a9","hash":"052ad198a4df82532324e9510024d207977e405b"}
,"C:\\Users\\JDantas\\Documents\\github-issue-tracker\\src\\data\\api\\comments.ts": {"path":"C:\\Users\\JDantas\\Documents\\github-issue-tracker\\src\\data\\api\\comments.ts","statementMap":{"0":{"start":{"line":5,"column":30},"end":{"line":5,"column":52}},"1":{"start":{"line":7,"column":2},"end":{"line":7,"column":18}}},"fnMap":{"0":{"name":"get","decl":{"start":{"line":4,"column":22},"end":{"line":4,"column":25}},"loc":{"start":{"line":4,"column":59},"end":{"line":8,"column":1}},"line":4}},"branchMap":{},"s":{"0":0,"1":0},"f":{"0":0},"b":{},"_coverageSchema":"1a1c01bbd47fc00a2c39e90264f33305004495a9","hash":"7c4e55d4235ef67ed499de4e773669cd57a15638"}
,"C:\\Users\\JDantas\\Documents\\github-issue-tracker\\src\\data\\api\\issues.ts": {"path":"C:\\Users\\JDantas\\Documents\\github-issue-tracker\\src\\data\\api\\issues.ts","statementMap":{"0":{"start":{"line":5,"column":40},"end":{"line":5,"column":51}},"1":{"start":{"line":7,"column":2},"end":{"line":7,"column":89}}},"fnMap":{"0":{"name":"get","decl":{"start":{"line":4,"column":22},"end":{"line":4,"column":25}},"loc":{"start":{"line":4,"column":74},"end":{"line":8,"column":1}},"line":4}},"branchMap":{},"s":{"0":0,"1":0},"f":{"0":0},"b":{},"_coverageSchema":"1a1c01bbd47fc00a2c39e90264f33305004495a9","hash":"4ee759892f7a02fbdbcf3a281c264063985e55d4"}
,"C:\\Users\\JDantas\\Documents\\github-issue-tracker\\src\\data\\api\\methods.ts": {"path":"C:\\Users\\JDantas\\Documents\\github-issue-tracker\\src\\data\\api\\methods.ts","statementMap":{"0":{"start":{"line":1,"column":13},"end":{"line":1,"column":37}},"1":{"start":{"line":5,"column":21},"end":{"line":5,"column":102}},"2":{"start":{"line":6,"column":27},"end":{"line":6,"column":48}},"3":{"start":{"line":8,"column":4},"end":{"line":10,"column":5}},"4":{"start":{"line":9,"column":6},"end":{"line":9,"column":64}},"5":{"start":{"line":12,"column":4},"end":{"line":12,"column":26}}},"fnMap":{"0":{"name":"(anonymous_0)","decl":{"start":{"line":4,"column":7},"end":{"line":4,"column":8}},"loc":{"start":{"line":4,"column":41},"end":{"line":13,"column":3}},"line":4}},"branchMap":{"0":{"loc":{"start":{"line":5,"column":33},"end":{"line":5,"column":101}},"type":"cond-expr","locations":[{"start":{"line":5,"column":69},"end":{"line":5,"column":77}},{"start":{"line":5,"column":80},"end":{"line":5,"column":101}}],"line":5},"1":{"loc":{"start":{"line":8,"column":4},"end":{"line":10,"column":5}},"type":"if","locations":[{"start":{"line":8,"column":4},"end":{"line":10,"column":5}},{"start":{},"end":{}}],"line":8},"2":{"loc":{"start":{"line":9,"column":18},"end":{"line":9,"column":62}},"type":"binary-expr","locations":[{"start":{"line":9,"column":18},"end":{"line":9,"column":40}},{"start":{"line":9,"column":44},"end":{"line":9,"column":62}}],"line":9}},"s":{"0":1,"1":0,"2":0,"3":0,"4":0,"5":0},"f":{"0":0},"b":{"0":[0,0],"1":[0,0],"2":[0,0]},"_coverageSchema":"1a1c01bbd47fc00a2c39e90264f33305004495a9","hash":"af8b4bcc2b98aceacd4e3c9c71b571cc6a20ad2c"}
,"C:\\Users\\JDantas\\Documents\\github-issue-tracker\\src\\data\\mocks\\issues.ts": {"path":"C:\\Users\\JDantas\\Documents\\github-issue-tracker\\src\\data\\mocks\\issues.ts","statementMap":{"0":{"start":{"line":45,"column":27},"end":{"line":48,"column":1}}},"fnMap":{},"branchMap":{},"s":{"0":1},"f":{},"b":{},"_coverageSchema":"1a1c01bbd47fc00a2c39e90264f33305004495a9","hash":"c4a2462b6f5b428bca11bfd60addfac3cd6dbf25"}
,"C:\\Users\\JDantas\\Documents\\github-issue-tracker\\src\\data\\mocks\\navigation.tsx": {"path":"C:\\Users\\JDantas\\Documents\\github-issue-tracker\\src\\data\\mocks\\navigation.tsx","statementMap":{"0":{"start":{"line":6,"column":14},"end":{"line":6,"column":36}},"1":{"start":{"line":7,"column":23},"end":{"line":16,"column":1}},"2":{"start":{"line":8,"column":2},"end":{"line":15,"column":4}}},"fnMap":{"0":{"name":"(anonymous_0)","decl":{"start":{"line":7,"column":23},"end":{"line":7,"column":24}},"loc":{"start":{"line":7,"column":111},"end":{"line":16,"column":1}},"line":7}},"branchMap":{"0":{"loc":{"start":{"line":7,"column":37},"end":{"line":7,"column":48}},"type":"default-arg","locations":[{"start":{"line":7,"column":46},"end":{"line":7,"column":48}}],"line":7}},"s":{"0":1,"1":1,"2":1},"f":{"0":1},"b":{"0":[1]},"_coverageSchema":"1a1c01bbd47fc00a2c39e90264f33305004495a9","hash":"999eb0fed74e349400149f307d76eadd8b57cfb7"}
,"C:\\Users\\JDantas\\Documents\\github-issue-tracker\\src\\data\\mocks\\users.ts": {"path":"C:\\Users\\JDantas\\Documents\\github-issue-tracker\\src\\data\\mocks\\users.ts","statementMap":{},"fnMap":{},"branchMap":{},"s":{},"f":{},"b":{},"_coverageSchema":"1a1c01bbd47fc00a2c39e90264f33305004495a9","hash":"e8d8be56d8912a4dcb59521d85f1c774481e22f4"}
,"C:\\Users\\JDantas\\Documents\\github-issue-tracker\\src\\data\\redux\\index.ts": {"path":"C:\\Users\\JDantas\\Documents\\github-issue-tracker\\src\\data\\redux\\index.ts","statementMap":{"0":{"start":{"line":9,"column":20},"end":{"line":9,"column":89}},"1":{"start":{"line":15,"column":32},"end":{"line":15,"column":66}},"2":{"start":{"line":15,"column":38},"end":{"line":15,"column":66}}},"fnMap":{"0":{"name":"(anonymous_0)","decl":{"start":{"line":15,"column":32},"end":{"line":15,"column":33}},"loc":{"start":{"line":15,"column":38},"end":{"line":15,"column":66}},"line":15}},"branchMap":{},"s":{"0":1,"1":1,"2":4},"f":{"0":4},"b":{},"_coverageSchema":"1a1c01bbd47fc00a2c39e90264f33305004495a9","hash":"0549510a61e38fddb726c63fe10719528f3773ee"}
,"C:\\Users\\JDantas\\Documents\\github-issue-tracker\\src\\data\\redux\\actions\\bookmarks\\index.ts": {"path":"C:\\Users\\JDantas\\Documents\\github-issue-tracker\\src\\data\\redux\\actions\\bookmarks\\index.ts","statementMap":{"0":{"start":{"line":5,"column":27},"end":{"line":7,"column":1}},"1":{"start":{"line":5,"column":48},"end":{"line":7,"column":1}},"2":{"start":{"line":6,"column":2},"end":{"line":6,"column":72}},"3":{"start":{"line":9,"column":30},"end":{"line":11,"column":1}},"4":{"start":{"line":9,"column":51},"end":{"line":11,"column":1}},"5":{"start":{"line":10,"column":2},"end":{"line":10,"column":75}}},"fnMap":{"0":{"name":"(anonymous_0)","decl":{"start":{"line":5,"column":27},"end":{"line":5,"column":28}},"loc":{"start":{"line":5,"column":48},"end":{"line":7,"column":1}},"line":5},"1":{"name":"(anonymous_1)","decl":{"start":{"line":5,"column":48},"end":{"line":5,"column":49}},"loc":{"start":{"line":5,"column":94},"end":{"line":7,"column":1}},"line":5},"2":{"name":"(anonymous_2)","decl":{"start":{"line":9,"column":30},"end":{"line":9,"column":31}},"loc":{"start":{"line":9,"column":51},"end":{"line":11,"column":1}},"line":9},"3":{"name":"(anonymous_3)","decl":{"start":{"line":9,"column":51},"end":{"line":9,"column":52}},"loc":{"start":{"line":9,"column":97},"end":{"line":11,"column":1}},"line":9}},"branchMap":{},"s":{"0":1,"1":0,"2":0,"3":1,"4":0,"5":0},"f":{"0":0,"1":0,"2":0,"3":0},"b":{},"_coverageSchema":"1a1c01bbd47fc00a2c39e90264f33305004495a9","hash":"7de35900a0eebd4f7f469b775b23ba5c8ae67c74"}
,"C:\\Users\\JDantas\\Documents\\github-issue-tracker\\src\\data\\redux\\actions\\comments\\index.ts": {"path":"C:\\Users\\JDantas\\Documents\\github-issue-tracker\\src\\data\\redux\\actions\\comments\\index.ts","statementMap":{"0":{"start":{"line":5,"column":27},"end":{"line":13,"column":1}},"1":{"start":{"line":5,"column":44},"end":{"line":13,"column":1}},"2":{"start":{"line":6,"column":2},"end":{"line":6,"column":61}},"3":{"start":{"line":7,"column":2},"end":{"line":12,"column":3}},"4":{"start":{"line":8,"column":21},"end":{"line":8,"column":52}},"5":{"start":{"line":9,"column":4},"end":{"line":9,"column":82}},"6":{"start":{"line":11,"column":4},"end":{"line":11,"column":86}}},"fnMap":{"0":{"name":"(anonymous_0)","decl":{"start":{"line":5,"column":27},"end":{"line":5,"column":28}},"loc":{"start":{"line":5,"column":44},"end":{"line":13,"column":1}},"line":5},"1":{"name":"(anonymous_1)","decl":{"start":{"line":5,"column":44},"end":{"line":5,"column":45}},"loc":{"start":{"line":5,"column":89},"end":{"line":13,"column":1}},"line":5}},"branchMap":{},"s":{"0":1,"1":0,"2":0,"3":0,"4":0,"5":0,"6":0},"f":{"0":0,"1":0},"b":{},"_coverageSchema":"1a1c01bbd47fc00a2c39e90264f33305004495a9","hash":"e22fb8919a75859d963b10aa88f5120461a22271"}
,"C:\\Users\\JDantas\\Documents\\github-issue-tracker\\src\\data\\redux\\actions\\issues\\index.ts": {"path":"C:\\Users\\JDantas\\Documents\\github-issue-tracker\\src\\data\\redux\\actions\\issues\\index.ts","statementMap":{"0":{"start":{"line":8,"column":25},"end":{"line":30,"column":1}},"1":{"start":{"line":8,"column":31},"end":{"line":30,"column":1}},"2":{"start":{"line":9,"column":2},"end":{"line":9,"column":57}},"3":{"start":{"line":11,"column":48},"end":{"line":11,"column":72}},"4":{"start":{"line":13,"column":15},"end":{"line":13,"column":50}},"5":{"start":{"line":13,"column":35},"end":{"line":13,"column":45}},"6":{"start":{"line":14,"column":2},"end":{"line":16,"column":3}},"7":{"start":{"line":14,"column":38},"end":{"line":14,"column":48}},"8":{"start":{"line":15,"column":4},"end":{"line":15,"column":19}},"9":{"start":{"line":18,"column":2},"end":{"line":29,"column":3}},"10":{"start":{"line":19,"column":19},"end":{"line":24,"column":6}},"11":{"start":{"line":26,"column":4},"end":{"line":26,"column":76}},"12":{"start":{"line":28,"column":4},"end":{"line":28,"column":73}},"13":{"start":{"line":32,"column":27},"end":{"line":34,"column":1}},"14":{"start":{"line":32,"column":46},"end":{"line":34,"column":1}},"15":{"start":{"line":33,"column":2},"end":{"line":33,"column":67}},"16":{"start":{"line":36,"column":26},"end":{"line":38,"column":1}},"17":{"start":{"line":36,"column":44},"end":{"line":38,"column":1}},"18":{"start":{"line":37,"column":2},"end":{"line":37,"column":65}},"19":{"start":{"line":40,"column":23},"end":{"line":42,"column":1}},"20":{"start":{"line":40,"column":47},"end":{"line":42,"column":1}},"21":{"start":{"line":41,"column":2},"end":{"line":41,"column":68}},"22":{"start":{"line":44,"column":28},"end":{"line":46,"column":1}},"23":{"start":{"line":44,"column":53},"end":{"line":46,"column":1}},"24":{"start":{"line":45,"column":2},"end":{"line":45,"column":72}}},"fnMap":{"0":{"name":"(anonymous_0)","decl":{"start":{"line":8,"column":25},"end":{"line":8,"column":26}},"loc":{"start":{"line":8,"column":31},"end":{"line":30,"column":1}},"line":8},"1":{"name":"(anonymous_1)","decl":{"start":{"line":8,"column":31},"end":{"line":8,"column":32}},"loc":{"start":{"line":8,"column":100},"end":{"line":30,"column":1}},"line":8},"2":{"name":"(anonymous_2)","decl":{"start":{"line":13,"column":28},"end":{"line":13,"column":29}},"loc":{"start":{"line":13,"column":35},"end":{"line":13,"column":45}},"line":13},"3":{"name":"(anonymous_3)","decl":{"start":{"line":14,"column":31},"end":{"line":14,"column":32}},"loc":{"start":{"line":14,"column":38},"end":{"line":14,"column":48}},"line":14},"4":{"name":"(anonymous_4)","decl":{"start":{"line":32,"column":27},"end":{"line":32,"column":28}},"loc":{"start":{"line":32,"column":46},"end":{"line":34,"column":1}},"line":32},"5":{"name":"(anonymous_5)","decl":{"start":{"line":32,"column":46},"end":{"line":32,"column":47}},"loc":{"start":{"line":32,"column":83},"end":{"line":34,"column":1}},"line":32},"6":{"name":"(anonymous_6)","decl":{"start":{"line":36,"column":26},"end":{"line":36,"column":27}},"loc":{"start":{"line":36,"column":44},"end":{"line":38,"column":1}},"line":36},"7":{"name":"(anonymous_7)","decl":{"start":{"line":36,"column":44},"end":{"line":36,"column":45}},"loc":{"start":{"line":36,"column":81},"end":{"line":38,"column":1}},"line":36},"8":{"name":"(anonymous_8)","decl":{"start":{"line":40,"column":23},"end":{"line":40,"column":24}},"loc":{"start":{"line":40,"column":47},"end":{"line":42,"column":1}},"line":40},"9":{"name":"(anonymous_9)","decl":{"start":{"line":40,"column":47},"end":{"line":40,"column":48}},"loc":{"start":{"line":40,"column":84},"end":{"line":42,"column":1}},"line":40},"10":{"name":"(anonymous_10)","decl":{"start":{"line":44,"column":28},"end":{"line":44,"column":29}},"loc":{"start":{"line":44,"column":53},"end":{"line":46,"column":1}},"line":44},"11":{"name":"(anonymous_11)","decl":{"start":{"line":44,"column":53},"end":{"line":44,"column":54}},"loc":{"start":{"line":44,"column":90},"end":{"line":46,"column":1}},"line":44}},"branchMap":{"0":{"loc":{"start":{"line":14,"column":2},"end":{"line":16,"column":3}},"type":"if","locations":[{"start":{"line":14,"column":2},"end":{"line":16,"column":3}},{"start":{},"end":{}}],"line":14},"1":{"loc":{"start":{"line":14,"column":6},"end":{"line":14,"column":49}},"type":"binary-expr","locations":[{"start":{"line":14,"column":6},"end":{"line":14,"column":13}},{"start":{"line":14,"column":17},"end":{"line":14,"column":49}}],"line":14}},"s":{"0":1,"1":0,"2":0,"3":0,"4":0,"5":0,"6":0,"7":0,"8":0,"9":0,"10":0,"11":0,"12":0,"13":1,"14":0,"15":0,"16":1,"17":0,"18":0,"19":1,"20":0,"21":0,"22":1,"23":0,"24":0},"f":{"0":0,"1":0,"2":0,"3":0,"4":0,"5":0,"6":0,"7":0,"8":0,"9":0,"10":0,"11":0},"b":{"0":[0,0],"1":[0,0]},"_coverageSchema":"1a1c01bbd47fc00a2c39e90264f33305004495a9","hash":"061dc07d1204d25bd9b9eef6a51054053b3b00b4"}
,"C:\\Users\\JDantas\\Documents\\github-issue-tracker\\src\\data\\redux\\reducers\\bookmarks\\index.ts": {"path":"C:\\Users\\JDantas\\Documents\\github-issue-tracker\\src\\data\\redux\\reducers\\bookmarks\\index.ts","statementMap":{"0":{"start":{"line":3,"column":36},"end":{"line":5,"column":1}},"1":{"start":{"line":8,"column":2},"end":{"line":21,"column":3}},"2":{"start":{"line":10,"column":6},"end":{"line":13,"column":8}},"3":{"start":{"line":15,"column":6},"end":{"line":18,"column":8}},"4":{"start":{"line":17,"column":60},"end":{"line":17,"column":97}},"5":{"start":{"line":20,"column":6},"end":{"line":20,"column":19}}},"fnMap":{"0":{"name":"(anonymous_0)","decl":{"start":{"line":7,"column":15},"end":{"line":7,"column":16}},"loc":{"start":{"line":7,"column":95},"end":{"line":22,"column":1}},"line":7},"1":{"name":"(anonymous_1)","decl":{"start":{"line":17,"column":46},"end":{"line":17,"column":47}},"loc":{"start":{"line":17,"column":60},"end":{"line":17,"column":97}},"line":17}},"branchMap":{"0":{"loc":{"start":{"line":7,"column":16},"end":{"line":7,"column":51}},"type":"default-arg","locations":[{"start":{"line":7,"column":39},"end":{"line":7,"column":51}}],"line":7},"1":{"loc":{"start":{"line":8,"column":2},"end":{"line":21,"column":3}},"type":"switch","locations":[{"start":{"line":9,"column":4},"end":{"line":13,"column":8}},{"start":{"line":14,"column":4},"end":{"line":18,"column":8}},{"start":{"line":19,"column":4},"end":{"line":20,"column":19}}],"line":8}},"s":{"0":1,"1":3,"2":0,"3":0,"4":0,"5":3},"f":{"0":3,"1":0},"b":{"0":[3],"1":[0,0,3]},"_coverageSchema":"1a1c01bbd47fc00a2c39e90264f33305004495a9","hash":"6c9a63cce1c3f66abb10d30e409eb602da41328b"}
,"C:\\Users\\JDantas\\Documents\\github-issue-tracker\\src\\data\\redux\\reducers\\comments\\index.ts": {"path":"C:\\Users\\JDantas\\Documents\\github-issue-tracker\\src\\data\\redux\\reducers\\comments\\index.ts","statementMap":{"0":{"start":{"line":3,"column":35},"end":{"line":6,"column":1}},"1":{"start":{"line":9,"column":2},"end":{"line":24,"column":3}},"2":{"start":{"line":11,"column":6},"end":{"line":11,"column":41}},"3":{"start":{"line":13,"column":6},"end":{"line":18,"column":8}},"4":{"start":{"line":20,"column":6},"end":{"line":20,"column":88}},"5":{"start":{"line":23,"column":6},"end":{"line":23,"column":19}}},"fnMap":{"0":{"name":"(anonymous_0)","decl":{"start":{"line":8,"column":15},"end":{"line":8,"column":16}},"loc":{"start":{"line":8,"column":92},"end":{"line":25,"column":1}},"line":8}},"branchMap":{"0":{"loc":{"start":{"line":8,"column":16},"end":{"line":8,"column":50}},"type":"default-arg","locations":[{"start":{"line":8,"column":38},"end":{"line":8,"column":50}}],"line":8},"1":{"loc":{"start":{"line":9,"column":2},"end":{"line":24,"column":3}},"type":"switch","locations":[{"start":{"line":10,"column":4},"end":{"line":11,"column":41}},{"start":{"line":12,"column":4},"end":{"line":18,"column":8}},{"start":{"line":19,"column":4},"end":{"line":20,"column":88}},{"start":{"line":22,"column":4},"end":{"line":23,"column":19}}],"line":9}},"s":{"0":1,"1":3,"2":0,"3":0,"4":0,"5":3},"f":{"0":3},"b":{"0":[3],"1":[0,0,0,3]},"_coverageSchema":"1a1c01bbd47fc00a2c39e90264f33305004495a9","hash":"2d559f6dd05b0939c09222cdfd89f7a0fde3a587"}
,"C:\\Users\\JDantas\\Documents\\github-issue-tracker\\src\\data\\redux\\reducers\\issues\\index.ts": {"path":"C:\\Users\\JDantas\\Documents\\github-issue-tracker\\src\\data\\redux\\reducers\\issues\\index.ts","statementMap":{"0":{"start":{"line":3,"column":23},"end":{"line":6,"column":1}},"1":{"start":{"line":8,"column":40},"end":{"line":15,"column":1}},"2":{"start":{"line":18,"column":2},"end":{"line":69,"column":3}},"3":{"start":{"line":20,"column":6},"end":{"line":20,"column":41}},"4":{"start":{"line":23,"column":6},"end":{"line":28,"column":8}},"5":{"start":{"line":31,"column":6},"end":{"line":37,"column":8}},"6":{"start":{"line":40,"column":6},"end":{"line":43,"column":8}},"7":{"start":{"line":46,"column":6},"end":{"line":49,"column":8}},"8":{"start":{"line":52,"column":6},"end":{"line":55,"column":8}},"9":{"start":{"line":58,"column":22},"end":{"line":58,"column":48}},"10":{"start":{"line":59,"column":25},"end":{"line":59,"column":114}},"11":{"start":{"line":59,"column":61},"end":{"line":59,"column":112}},"12":{"start":{"line":61,"column":6},"end":{"line":65,"column":8}},"13":{"start":{"line":68,"column":6},"end":{"line":68,"column":19}}},"fnMap":{"0":{"name":"(anonymous_0)","decl":{"start":{"line":17,"column":15},"end":{"line":17,"column":16}},"loc":{"start":{"line":17,"column":86},"end":{"line":70,"column":1}},"line":17},"1":{"name":"(anonymous_1)","decl":{"start":{"line":59,"column":48},"end":{"line":59,"column":49}},"loc":{"start":{"line":59,"column":61},"end":{"line":59,"column":112}},"line":59}},"branchMap":{"0":{"loc":{"start":{"line":17,"column":16},"end":{"line":17,"column":48}},"type":"default-arg","locations":[{"start":{"line":17,"column":36},"end":{"line":17,"column":48}}],"line":17},"1":{"loc":{"start":{"line":18,"column":2},"end":{"line":69,"column":3}},"type":"switch","locations":[{"start":{"line":19,"column":4},"end":{"line":20,"column":41}},{"start":{"line":22,"column":4},"end":{"line":28,"column":8}},{"start":{"line":30,"column":4},"end":{"line":37,"column":8}},{"start":{"line":39,"column":4},"end":{"line":43,"column":8}},{"start":{"line":45,"column":4},"end":{"line":49,"column":8}},{"start":{"line":51,"column":4},"end":{"line":55,"column":8}},{"start":{"line":57,"column":4},"end":{"line":65,"column":8}},{"start":{"line":67,"column":4},"end":{"line":68,"column":19}}],"line":18}},"s":{"0":1,"1":1,"2":3,"3":0,"4":0,"5":0,"6":0,"7":0,"8":0,"9":0,"10":0,"11":0,"12":0,"13":3},"f":{"0":3,"1":0},"b":{"0":[3],"1":[0,0,0,0,0,0,0,3]},"_coverageSchema":"1a1c01bbd47fc00a2c39e90264f33305004495a9","hash":"290079878d83b51ffcccb5732fd7354a6449c6c8"}
,"C:\\Users\\JDantas\\Documents\\github-issue-tracker\\src\\hooks\\useColorScheme.ts": {"path":"C:\\Users\\JDantas\\Documents\\github-issue-tracker\\src\\hooks\\useColorScheme.ts","statementMap":{"0":{"start":{"line":4,"column":2},"end":{"line":4,"column":59}}},"fnMap":{"0":{"name":"useColorScheme","decl":{"start":{"line":3,"column":24},"end":{"line":3,"column":38}},"loc":{"start":{"line":3,"column":71},"end":{"line":5,"column":1}},"line":3}},"branchMap":{},"s":{"0":16},"f":{"0":16},"b":{},"_coverageSchema":"1a1c01bbd47fc00a2c39e90264f33305004495a9","hash":"22fd016d6e0d75dce39146929ae2b4ee620a2c72"}
,"C:\\Users\\JDantas\\Documents\\github-issue-tracker\\src\\hooks\\useIssues.ts": {"path":"C:\\Users\\JDantas\\Documents\\github-issue-tracker\\src\\hooks\\useIssues.ts","statementMap":{"0":{"start":{"line":14,"column":4},"end":{"line":14,"column":57}},"1":{"start":{"line":14,"column":37},"end":{"line":14,"column":56}},"2":{"start":{"line":16,"column":19},"end":{"line":16,"column":37}},"3":{"start":{"line":18,"column":20},"end":{"line":20,"column":3}},"4":{"start":{"line":19,"column":4},"end":{"line":19,"column":39}},"5":{"start":{"line":22,"column":20},"end":{"line":26,"column":3}},"6":{"start":{"line":23,"column":4},"end":{"line":23,"column":36}},"7":{"start":{"line":24,"column":4},"end":{"line":24,"column":51}},"8":{"start":{"line":25,"column":4},"end":{"line":25,"column":16}},"9":{"start":{"line":28,"column":18},"end":{"line":32,"column":3}},"10":{"start":{"line":29,"column":4},"end":{"line":29,"column":36}},"11":{"start":{"line":30,"column":4},"end":{"line":30,"column":47}},"12":{"start":{"line":31,"column":4},"end":{"line":31,"column":16}},"13":{"start":{"line":34,"column":40},"end":{"line":34,"column":96}},"14":{"start":{"line":34,"column":80},"end":{"line":34,"column":95}},"15":{"start":{"line":36,"column":2},"end":{"line":50,"column":4}}},"fnMap":{"0":{"name":"useIssues","decl":{"start":{"line":7,"column":24},"end":{"line":7,"column":33}},"loc":{"start":{"line":7,"column":60},"end":{"line":51,"column":1}},"line":7},"1":{"name":"(anonymous_1)","decl":{"start":{"line":14,"column":16},"end":{"line":14,"column":17}},"loc":{"start":{"line":14,"column":37},"end":{"line":14,"column":56}},"line":14},"2":{"name":"(anonymous_2)","decl":{"start":{"line":18,"column":20},"end":{"line":18,"column":21}},"loc":{"start":{"line":18,"column":26},"end":{"line":20,"column":3}},"line":18},"3":{"name":"(anonymous_3)","decl":{"start":{"line":22,"column":20},"end":{"line":22,"column":21}},"loc":{"start":{"line":22,"column":45},"end":{"line":26,"column":3}},"line":22},"4":{"name":"(anonymous_4)","decl":{"start":{"line":28,"column":18},"end":{"line":28,"column":19}},"loc":{"start":{"line":28,"column":42},"end":{"line":32,"column":3}},"line":28},"5":{"name":"(anonymous_5)","decl":{"start":{"line":34,"column":55},"end":{"line":34,"column":56}},"loc":{"start":{"line":34,"column":80},"end":{"line":34,"column":95}},"line":34}},"branchMap":{},"s":{"0":2,"1":2,"2":2,"3":2,"4":0,"5":2,"6":0,"7":0,"8":0,"9":2,"10":0,"11":0,"12":0,"13":2,"14":4,"15":2},"f":{"0":2,"1":2,"2":0,"3":0,"4":0,"5":4},"b":{},"_coverageSchema":"1a1c01bbd47fc00a2c39e90264f33305004495a9","hash":"de9ff21d4fd8c9832868d7ad900a438069ea7291"}
,"C:\\Users\\JDantas\\Documents\\github-issue-tracker\\src\\hooks\\useIssuesScreen.ts": {"path":"C:\\Users\\JDantas\\Documents\\github-issue-tracker\\src\\hooks\\useIssuesScreen.ts","statementMap":{"0":{"start":{"line":7,"column":24},"end":{"line":7,"column":77}},"1":{"start":{"line":7,"column":57},"end":{"line":7,"column":76}},"2":{"start":{"line":8,"column":33},"end":{"line":8,"column":46}},"3":{"start":{"line":10,"column":19},"end":{"line":10,"column":37}},"4":{"start":{"line":12,"column":22},"end":{"line":14,"column":3}},"5":{"start":{"line":13,"column":4},"end":{"line":13,"column":43}},"6":{"start":{"line":15,"column":21},"end":{"line":17,"column":3}},"7":{"start":{"line":16,"column":4},"end":{"line":16,"column":42}},"8":{"start":{"line":19,"column":2},"end":{"line":29,"column":4}}},"fnMap":{"0":{"name":"useIssuesScreen","decl":{"start":{"line":6,"column":24},"end":{"line":6,"column":39}},"loc":{"start":{"line":6,"column":71},"end":{"line":30,"column":1}},"line":6},"1":{"name":"(anonymous_1)","decl":{"start":{"line":7,"column":36},"end":{"line":7,"column":37}},"loc":{"start":{"line":7,"column":57},"end":{"line":7,"column":76}},"line":7},"2":{"name":"(anonymous_2)","decl":{"start":{"line":12,"column":22},"end":{"line":12,"column":23}},"loc":{"start":{"line":12,"column":38},"end":{"line":14,"column":3}},"line":12},"3":{"name":"(anonymous_3)","decl":{"start":{"line":15,"column":21},"end":{"line":15,"column":22}},"loc":{"start":{"line":15,"column":37},"end":{"line":17,"column":3}},"line":15}},"branchMap":{},"s":{"0":2,"1":2,"2":2,"3":2,"4":2,"5":0,"6":2,"7":0,"8":2},"f":{"0":2,"1":2,"2":0,"3":0},"b":{},"_coverageSchema":"1a1c01bbd47fc00a2c39e90264f33305004495a9","hash":"317129a3efc944cdcea8f70ad35d649f3805871e"}
,"C:\\Users\\JDantas\\Documents\\github-issue-tracker\\src\\hooks\\useThemeColor.ts": {"path":"C:\\Users\\JDantas\\Documents\\github-issue-tracker\\src\\hooks\\useThemeColor.ts","statementMap":{"0":{"start":{"line":8,"column":16},"end":{"line":8,"column":32}},"1":{"start":{"line":9,"column":25},"end":{"line":9,"column":37}},"2":{"start":{"line":11,"column":2},"end":{"line":15,"column":3}},"3":{"start":{"line":12,"column":4},"end":{"line":12,"column":26}},"4":{"start":{"line":14,"column":4},"end":{"line":14,"column":36}}},"fnMap":{"0":{"name":"useThemeColor","decl":{"start":{"line":4,"column":16},"end":{"line":4,"column":29}},"loc":{"start":{"line":7,"column":2},"end":{"line":16,"column":1}},"line":7}},"branchMap":{"0":{"loc":{"start":{"line":11,"column":2},"end":{"line":15,"column":3}},"type":"if","locations":[{"start":{"line":11,"column":2},"end":{"line":15,"column":3}},{"start":{"line":13,"column":9},"end":{"line":15,"column":3}}],"line":11}},"s":{"0":16,"1":16,"2":16,"3":0,"4":16},"f":{"0":16},"b":{"0":[0,16]},"_coverageSchema":"1a1c01bbd47fc00a2c39e90264f33305004495a9","hash":"67472429925b0df95ed2a3ea9000dc3ca7aefeaa"}
,"C:\\Users\\JDantas\\Documents\\github-issue-tracker\\src\\screens\\FiltersScreen\\index.tsx": {"path":"C:\\Users\\JDantas\\Documents\\github-issue-tracker\\src\\screens\\FiltersScreen\\index.tsx","statementMap":{"0":{"start":{"line":20,"column":21},"end":{"line":20,"column":36}},"1":{"start":{"line":21,"column":24},"end":{"line":21,"column":35}},"2":{"start":{"line":22,"column":22},"end":{"line":22,"column":40}},"3":{"start":{"line":23,"column":24},"end":{"line":23,"column":45}},"4":{"start":{"line":25,"column":29},"end":{"line":25,"column":46}},"5":{"start":{"line":26,"column":55},"end":{"line":26,"column":78}},"6":{"start":{"line":27,"column":38},"end":{"line":27,"column":64}},"7":{"start":{"line":29,"column":28},"end":{"line":29,"column":51}},"8":{"start":{"line":30,"column":26},"end":{"line":30,"column":48}},"9":{"start":{"line":31,"column":48},"end":{"line":31,"column":70}},"10":{"start":{"line":33,"column":2},"end":{"line":40,"column":16}},"11":{"start":{"line":34,"column":4},"end":{"line":39,"column":5}},"12":{"start":{"line":35,"column":6},"end":{"line":38,"column":9}},"13":{"start":{"line":37,"column":38},"end":{"line":37,"column":93}},"14":{"start":{"line":37,"column":111},"end":{"line":37,"column":120}},"15":{"start":{"line":42,"column":21},"end":{"line":47,"column":3}},"16":{"start":{"line":43,"column":4},"end":{"line":43,"column":23}},"17":{"start":{"line":44,"column":4},"end":{"line":44,"column":21}},"18":{"start":{"line":45,"column":4},"end":{"line":45,"column":31}},"19":{"start":{"line":46,"column":4},"end":{"line":46,"column":24}},"20":{"start":{"line":49,"column":32},"end":{"line":55,"column":3}},"21":{"start":{"line":50,"column":4},"end":{"line":54,"column":5}},"22":{"start":{"line":51,"column":6},"end":{"line":51,"column":51}},"23":{"start":{"line":53,"column":6},"end":{"line":53,"column":72}},"24":{"start":{"line":53,"column":58},"end":{"line":53,"column":69}},"25":{"start":{"line":57,"column":21},"end":{"line":57,"column":105}},"26":{"start":{"line":59,"column":2},"end":{"line":82,"column":4}},"27":{"start":{"line":69,"column":10},"end":{"line":77,"column":29}},"28":{"start":{"line":70,"column":27},"end":{"line":70,"column":52}}},"fnMap":{"0":{"name":"FiltersScreen","decl":{"start":{"line":19,"column":24},"end":{"line":19,"column":37}},"loc":{"start":{"line":19,"column":40},"end":{"line":83,"column":1}},"line":19},"1":{"name":"(anonymous_1)","decl":{"start":{"line":33,"column":12},"end":{"line":33,"column":13}},"loc":{"start":{"line":33,"column":18},"end":{"line":40,"column":3}},"line":33},"2":{"name":"(anonymous_2)","decl":{"start":{"line":37,"column":26},"end":{"line":37,"column":27}},"loc":{"start":{"line":37,"column":38},"end":{"line":37,"column":93}},"line":37},"3":{"name":"(anonymous_3)","decl":{"start":{"line":37,"column":99},"end":{"line":37,"column":100}},"loc":{"start":{"line":37,"column":111},"end":{"line":37,"column":120}},"line":37},"4":{"name":"(anonymous_4)","decl":{"start":{"line":42,"column":21},"end":{"line":42,"column":22}},"loc":{"start":{"line":42,"column":27},"end":{"line":47,"column":3}},"line":42},"5":{"name":"(anonymous_5)","decl":{"start":{"line":49,"column":32},"end":{"line":49,"column":33}},"loc":{"start":{"line":49,"column":54},"end":{"line":55,"column":3}},"line":49},"6":{"name":"(anonymous_6)","decl":{"start":{"line":53,"column":48},"end":{"line":53,"column":49}},"loc":{"start":{"line":53,"column":58},"end":{"line":53,"column":69}},"line":53},"7":{"name":"(anonymous_7)","decl":{"start":{"line":68,"column":21},"end":{"line":68,"column":22}},"loc":{"start":{"line":69,"column":10},"end":{"line":77,"column":29}},"line":69},"8":{"name":"(anonymous_8)","decl":{"start":{"line":70,"column":21},"end":{"line":70,"column":22}},"loc":{"start":{"line":70,"column":27},"end":{"line":70,"column":52}},"line":70}},"branchMap":{"0":{"loc":{"start":{"line":34,"column":4},"end":{"line":39,"column":5}},"type":"if","locations":[{"start":{"line":34,"column":4},"end":{"line":39,"column":5}},{"start":{},"end":{}}],"line":34},"1":{"loc":{"start":{"line":37,"column":38},"end":{"line":37,"column":93}},"type":"binary-expr","locations":[{"start":{"line":37,"column":38},"end":{"line":37,"column":53}},{"start":{"line":37,"column":57},"end":{"line":37,"column":93}}],"line":37},"2":{"loc":{"start":{"line":50,"column":4},"end":{"line":54,"column":5}},"type":"if","locations":[{"start":{"line":50,"column":4},"end":{"line":54,"column":5}},{"start":{"line":52,"column":11},"end":{"line":54,"column":5}}],"line":50},"3":{"loc":{"start":{"line":74,"column":35},"end":{"line":74,"column":86}},"type":"binary-expr","locations":[{"start":{"line":74,"column":35},"end":{"line":74,"column":63}},{"start":{"line":74,"column":67},"end":{"line":74,"column":86}}],"line":74}},"s":{"0":2,"1":2,"2":2,"3":2,"4":2,"5":2,"6":2,"7":2,"8":2,"9":2,"10":2,"11":1,"12":1,"13":2,"14":2,"15":2,"16":0,"17":0,"18":0,"19":0,"20":2,"21":0,"22":0,"23":0,"24":0,"25":2,"26":2,"27":4,"28":0},"f":{"0":2,"1":1,"2":2,"3":2,"4":0,"5":0,"6":0,"7":4,"8":0},"b":{"0":[1,0],"1":[2,2],"2":[0,0],"3":[4,2]},"_coverageSchema":"1a1c01bbd47fc00a2c39e90264f33305004495a9","hash":"656bb8bb15f6f802e183d375fedc1998d81f287a"}
,"C:\\Users\\JDantas\\Documents\\github-issue-tracker\\src\\screens\\FiltersScreen\\styles.tsx": {"path":"C:\\Users\\JDantas\\Documents\\github-issue-tracker\\src\\screens\\FiltersScreen\\styles.tsx","statementMap":{},"fnMap":{},"branchMap":{},"s":{},"f":{},"b":{},"_coverageSchema":"1a1c01bbd47fc00a2c39e90264f33305004495a9","hash":"bc5674fc6f3ba8aaad47ee760d3ea3d0ca477a80"}
,"C:\\Users\\JDantas\\Documents\\github-issue-tracker\\src\\screens\\IssueDetailsScreen\\index.tsx": {"path":"C:\\Users\\JDantas\\Documents\\github-issue-tracker\\src\\screens\\IssueDetailsScreen\\index.tsx","statementMap":{"0":{"start":{"line":26,"column":19},"end":{"line":26,"column":37}},"1":{"start":{"line":28,"column":35},"end":{"line":28,"column":91}},"2":{"start":{"line":28,"column":68},"end":{"line":28,"column":90}},"3":{"start":{"line":29,"column":33},"end":{"line":29,"column":88}},"4":{"start":{"line":29,"column":66},"end":{"line":29,"column":87}},"5":{"start":{"line":31,"column":20},"end":{"line":31,"column":32}},"6":{"start":{"line":33,"column":2},"end":{"line":35,"column":9}},"7":{"start":{"line":34,"column":4},"end":{"line":34,"column":61}},"8":{"start":{"line":37,"column":24},"end":{"line":40,"column":3}},"9":{"start":{"line":38,"column":4},"end":{"line":38,"column":36}},"10":{"start":{"line":39,"column":4},"end":{"line":39,"column":52}},"11":{"start":{"line":42,"column":27},"end":{"line":45,"column":3}},"12":{"start":{"line":43,"column":4},"end":{"line":43,"column":36}},"13":{"start":{"line":44,"column":4},"end":{"line":44,"column":55}},"14":{"start":{"line":47,"column":23},"end":{"line":47,"column":60}},"15":{"start":{"line":47,"column":45},"end":{"line":47,"column":59}},"16":{"start":{"line":48,"column":23},"end":{"line":48,"column":132}},"17":{"start":{"line":50,"column":2},"end":{"line":86,"column":4}},"18":{"start":{"line":59,"column":12},"end":{"line":63,"column":19}},"19":{"start":{"line":83,"column":8},"end":{"line":83,"column":59}}},"fnMap":{"0":{"name":"IssuesDetailsScreen","decl":{"start":{"line":25,"column":24},"end":{"line":25,"column":43}},"loc":{"start":{"line":25,"column":89},"end":{"line":87,"column":1}},"line":25},"1":{"name":"(anonymous_1)","decl":{"start":{"line":28,"column":47},"end":{"line":28,"column":48}},"loc":{"start":{"line":28,"column":68},"end":{"line":28,"column":90}},"line":28},"2":{"name":"(anonymous_2)","decl":{"start":{"line":29,"column":45},"end":{"line":29,"column":46}},"loc":{"start":{"line":29,"column":66},"end":{"line":29,"column":87}},"line":29},"3":{"name":"(anonymous_3)","decl":{"start":{"line":33,"column":12},"end":{"line":33,"column":13}},"loc":{"start":{"line":33,"column":18},"end":{"line":35,"column":3}},"line":33},"4":{"name":"(anonymous_4)","decl":{"start":{"line":37,"column":24},"end":{"line":37,"column":25}},"loc":{"start":{"line":37,"column":30},"end":{"line":40,"column":3}},"line":37},"5":{"name":"(anonymous_5)","decl":{"start":{"line":42,"column":27},"end":{"line":42,"column":28}},"loc":{"start":{"line":42,"column":33},"end":{"line":45,"column":3}},"line":42},"6":{"name":"(anonymous_6)","decl":{"start":{"line":47,"column":38},"end":{"line":47,"column":39}},"loc":{"start":{"line":47,"column":45},"end":{"line":47,"column":59}},"line":47},"7":{"name":"(anonymous_7)","decl":{"start":{"line":58,"column":28},"end":{"line":58,"column":29}},"loc":{"start":{"line":59,"column":12},"end":{"line":63,"column":19}},"line":59},"8":{"name":"(anonymous_8)","decl":{"start":{"line":82,"column":20},"end":{"line":82,"column":21}},"loc":{"start":{"line":83,"column":8},"end":{"line":83,"column":59}},"line":83}},"branchMap":{"0":{"loc":{"start":{"line":48,"column":70},"end":{"line":48,"column":101}},"type":"cond-expr","locations":[{"start":{"line":48,"column":85},"end":{"line":48,"column":91}},{"start":{"line":48,"column":94},"end":{"line":48,"column":101}}],"line":48},"1":{"loc":{"start":{"line":68,"column":14},"end":{"line":68,"column":59}},"type":"cond-expr","locations":[{"start":{"line":68,"column":29},"end":{"line":68,"column":46}},{"start":{"line":68,"column":49},"end":{"line":68,"column":59}}],"line":68},"2":{"loc":{"start":{"line":72,"column":17},"end":{"line":72,"column":64}},"type":"cond-expr","locations":[{"start":{"line":72,"column":32},"end":{"line":72,"column":48}},{"start":{"line":72,"column":51},"end":{"line":72,"column":64}}],"line":72},"3":{"loc":{"start":{"line":74,"column":7},"end":{"line":81,"column":7}},"type":"cond-expr","locations":[{"start":{"line":75,"column":8},"end":{"line":75,"column":65}},{"start":{"line":77,"column":8},"end":{"line":80,"column":15}}],"line":74}},"s":{"0":0,"1":0,"2":0,"3":0,"4":0,"5":0,"6":0,"7":0,"8":0,"9":0,"10":0,"11":0,"12":0,"13":0,"14":0,"15":0,"16":0,"17":0,"18":0,"19":0},"f":{"0":0,"1":0,"2":0,"3":0,"4":0,"5":0,"6":0,"7":0,"8":0},"b":{"0":[0,0],"1":[0,0],"2":[0,0],"3":[0,0]},"_coverageSchema":"1a1c01bbd47fc00a2c39e90264f33305004495a9","hash":"f5ce14e0d0bb7e0c4f1cbf214d8b518cdf52069a"}
,"C:\\Users\\JDantas\\Documents\\github-issue-tracker\\src\\screens\\IssueDetailsScreen\\styles.tsx": {"path":"C:\\Users\\JDantas\\Documents\\github-issue-tracker\\src\\screens\\IssueDetailsScreen\\styles.tsx","statementMap":{},"fnMap":{},"branchMap":{},"s":{},"f":{},"b":{},"_coverageSchema":"1a1c01bbd47fc00a2c39e90264f33305004495a9","hash":"ee0538863db623a13298e46a66063270e264bcab"}
,"C:\\Users\\JDantas\\Documents\\github-issue-tracker\\src\\screens\\IssueDetailsScreen\\Comment\\index.tsx": {"path":"C:\\Users\\JDantas\\Documents\\github-issue-tracker\\src\\screens\\IssueDetailsScreen\\Comment\\index.tsx","statementMap":{"0":{"start":{"line":12,"column":22},"end":{"line":12,"column":27}},"1":{"start":{"line":14,"column":2},"end":{"line":23,"column":4}}},"fnMap":{"0":{"name":"Comment","decl":{"start":{"line":11,"column":24},"end":{"line":11,"column":31}},"loc":{"start":{"line":11,"column":53},"end":{"line":24,"column":1}},"line":11}},"branchMap":{},"s":{"0":0,"1":0},"f":{"0":0},"b":{},"_coverageSchema":"1a1c01bbd47fc00a2c39e90264f33305004495a9","hash":"4ad6241272c1dc0f492118c7d65407ff9430a2b8"}
,"C:\\Users\\JDantas\\Documents\\github-issue-tracker\\src\\screens\\IssueDetailsScreen\\Comment\\styles.tsx": {"path":"C:\\Users\\JDantas\\Documents\\github-issue-tracker\\src\\screens\\IssueDetailsScreen\\Comment\\styles.tsx","statementMap":{},"fnMap":{},"branchMap":{},"s":{},"f":{},"b":{},"_coverageSchema":"1a1c01bbd47fc00a2c39e90264f33305004495a9","hash":"ab28cd21423ab2336ec767b5e333a05b62ddd535"}
,"C:\\Users\\JDantas\\Documents\\github-issue-tracker\\src\\screens\\IssuesScreen\\Issue\\styles.tsx": {"path":"C:\\Users\\JDantas\\Documents\\github-issue-tracker\\src\\screens\\IssuesScreen\\Issue\\styles.tsx","statementMap":{},"fnMap":{},"branchMap":{},"s":{},"f":{},"b":{},"_coverageSchema":"1a1c01bbd47fc00a2c39e90264f33305004495a9","hash":"2eced2b71d1749667a4a34b3abe8d7cd73edfbb7"}
,"C:\\Users\\JDantas\\Documents\\github-issue-tracker\\src\\screens\\IssuesScreen\\Issue\\Header\\index.tsx": {"path":"C:\\Users\\JDantas\\Documents\\github-issue-tracker\\src\\screens\\IssuesScreen\\Issue\\Header\\index.tsx","statementMap":{"0":{"start":{"line":14,"column":20},"end":{"line":14,"column":25}},"1":{"start":{"line":16,"column":2},"end":{"line":33,"column":4}}},"fnMap":{"0":{"name":"Header","decl":{"start":{"line":13,"column":24},"end":{"line":13,"column":30}},"loc":{"start":{"line":13,"column":56},"end":{"line":34,"column":1}},"line":13}},"branchMap":{"0":{"loc":{"start":{"line":22,"column":9},"end":{"line":27,"column":9}},"type":"binary-expr","locations":[{"start":{"line":22,"column":9},"end":{"line":22,"column":27}},{"start":{"line":23,"column":10},"end":{"line":26,"column":17}}],"line":22},"1":{"loc":{"start":{"line":29,"column":53},"end":{"line":29,"column":105}},"type":"cond-expr","locations":[{"start":{"line":29,"column":77},"end":{"line":29,"column":89}},{"start":{"line":29,"column":92},"end":{"line":29,"column":105}}],"line":29}},"s":{"0":0,"1":0},"f":{"0":0},"b":{"0":[0,0],"1":[0,0]},"_coverageSchema":"1a1c01bbd47fc00a2c39e90264f33305004495a9","hash":"f986e402a3af2e21fba83f49e6611f625c0fbc96"}
,"C:\\Users\\JDantas\\Documents\\github-issue-tracker\\src\\screens\\IssuesScreen\\Issue\\Header\\styles.tsx": {"path":"C:\\Users\\JDantas\\Documents\\github-issue-tracker\\src\\screens\\IssuesScreen\\Issue\\Header\\styles.tsx","statementMap":{},"fnMap":{},"branchMap":{},"s":{},"f":{},"b":{},"_coverageSchema":"1a1c01bbd47fc00a2c39e90264f33305004495a9","hash":"c58c8585804c2fc8010ea542e7b3caa9a2ef2ed2"}
,"C:\\Users\\JDantas\\Documents\\github-issue-tracker\\src\\types\\bookmarks.ts": {"path":"C:\\Users\\JDantas\\Documents\\github-issue-tracker\\src\\types\\bookmarks.ts","statementMap":{},"fnMap":{},"branchMap":{},"s":{},"f":{},"b":{},"_coverageSchema":"1a1c01bbd47fc00a2c39e90264f33305004495a9","hash":"ba0136cbb04f774332ec71f608fe70eb27954821"}
,"C:\\Users\\JDantas\\Documents\\github-issue-tracker\\src\\types\\comments.ts": {"path":"C:\\Users\\JDantas\\Documents\\github-issue-tracker\\src\\types\\comments.ts","statementMap":{},"fnMap":{},"branchMap":{},"s":{},"f":{},"b":{},"_coverageSchema":"1a1c01bbd47fc00a2c39e90264f33305004495a9","hash":"2d0175b7d457be91667571ee185ff092dc24b944"}
,"C:\\Users\\JDantas\\Documents\\github-issue-tracker\\src\\types\\issues.ts": {"path":"C:\\Users\\JDantas\\Documents\\github-issue-tracker\\src\\types\\issues.ts","statementMap":{},"fnMap":{},"branchMap":{},"s":{},"f":{},"b":{},"_coverageSchema":"1a1c01bbd47fc00a2c39e90264f33305004495a9","hash":"43bf25bd20dd657fc0b0c0f4ab302f07a758d605"}
,"C:\\Users\\JDantas\\Documents\\github-issue-tracker\\src\\utils\\helpers.ts": {"path":"C:\\Users\\JDantas\\Documents\\github-issue-tracker\\src\\utils\\helpers.ts","statementMap":{"0":{"start":{"line":1,"column":25},"end":{"line":22,"column":1}},"1":{"start":{"line":2,"column":24},"end":{"line":7,"column":45}},"2":{"start":{"line":9,"column":15},"end":{"line":19,"column":3}},"3":{"start":{"line":21,"column":2},"end":{"line":21,"column":14}}},"fnMap":{"0":{"name":"(anonymous_0)","decl":{"start":{"line":1,"column":25},"end":{"line":1,"column":26}},"loc":{"start":{"line":1,"column":54},"end":{"line":22,"column":1}},"line":1}},"branchMap":{},"s":{"0":1,"1":0,"2":0,"3":0},"f":{"0":0},"b":{},"_coverageSchema":"1a1c01bbd47fc00a2c39e90264f33305004495a9","hash":"59bf5787ec64e259f01ba2c731204324d004228c"}
}
