TN:
SF:src\components\CustomButton\index.tsx
FN:10,CustomButton
FNF:1
FNH:1
FNDA:2,CustomButton
DA:18,2
DA:20,2
DA:27,2
DA:29,2
LF:4
LH:4
BRDA:13,0,0,0
BRDA:23,1,0,0
BRDA:23,1,1,2
BRDA:27,2,0,0
BRDA:27,2,1,2
BRDA:32,3,0,2
BRDA:32,3,1,2
BRF:7
BRH:4
end_of_record
TN:
SF:src\components\CustomButton\styles.tsx
FNF:0
FNH:0
LF:0
LH:0
BRF:0
BRH:0
end_of_record
TN:
SF:src\components\CustomText\index.tsx
FN:13,CustomText
FNF:1
FNH:1
FNDA:14,CustomText
DA:14,14
DA:15,14
DA:17,14
LF:3
LH:3
BRF:0
BRH:0
end_of_record
TN:
SF:src\components\CustomTextInput\index.tsx
FN:10,CustomTextInput
FN:28,(anonymous_1)
FN:29,(anonymous_2)
FNF:3
FNH:1
FNDA:4,CustomTextInput
FNDA:0,(anonymous_1)
FNDA:0,(anonymous_2)
DA:11,4
DA:13,4
DA:15,4
DA:28,0
DA:29,0
LF:5
LH:3
BRDA:26,0,0,0
BRDA:26,0,1,4
BRF:2
BRH:1
end_of_record
TN:
SF:src\components\CustomTextInput\styles.tsx
FNF:0
FNH:0
LF:0
LH:0
BRF:0
BRH:0
end_of_record
TN:
SF:src\components\CustomView\index.tsx
FN:13,CustomView
FNF:1
FNH:1
FNDA:2,CustomView
DA:14,2
DA:15,2
DA:17,2
LF:3
LH:3
BRF:0
BRH:0
end_of_record
TN:
SF:src\constants\Colors.ts
FNF:0
FNH:0
DA:1,1
DA:2,1
LF:2
LH:2
BRF:0
BRH:0
end_of_record
TN:
SF:src\constants\Layout.ts
FNF:0
FNH:0
DA:3,1
DA:4,1
LF:2
LH:2
BRF:0
BRH:0
end_of_record
TN:
SF:src\data\api\comments.ts
FN:4,get
FNF:1
FNH:0
FNDA:0,get
DA:5,0
DA:7,0
LF:2
LH:0
BRF:0
BRH:0
end_of_record
TN:
SF:src\data\api\issues.ts
FN:4,get
FNF:1
FNH:0
FNDA:0,get
DA:5,0
DA:7,0
LF:2
LH:0
BRF:0
BRH:0
end_of_record
TN:
SF:src\data\api\methods.ts
FN:4,(anonymous_0)
FNF:1
FNH:0
FNDA:0,(anonymous_0)
DA:1,1
DA:5,0
DA:6,0
DA:8,0
DA:9,0
DA:12,0
LF:6
LH:1
BRDA:5,0,0,0
BRDA:5,0,1,0
BRDA:8,1,0,0
BRDA:8,1,1,0
BRDA:9,2,0,0
BRDA:9,2,1,0
BRF:6
BRH:0
end_of_record
TN:
SF:src\data\mocks\issues.ts
FNF:0
FNH:0
DA:45,1
LF:1
LH:1
BRF:0
BRH:0
end_of_record
TN:
SF:src\data\mocks\navigation.tsx
FN:7,(anonymous_0)
FNF:1
FNH:1
FNDA:1,(anonymous_0)
DA:6,1
DA:7,1
DA:8,1
LF:3
LH:3
BRDA:7,0,0,1
BRF:1
BRH:1
end_of_record
TN:
SF:src\data\mocks\users.ts
FNF:0
FNH:0
LF:0
LH:0
BRF:0
BRH:0
end_of_record
TN:
SF:src\data\redux\index.ts
FN:15,(anonymous_0)
FNF:1
FNH:1
FNDA:4,(anonymous_0)
DA:9,1
DA:15,4
LF:2
LH:2
BRF:0
BRH:0
end_of_record
TN:
SF:src\data\redux\actions\bookmarks\index.ts
FN:5,(anonymous_0)
FN:5,(anonymous_1)
FN:9,(anonymous_2)
FN:9,(anonymous_3)
FNF:4
FNH:0
FNDA:0,(anonymous_0)
FNDA:0,(anonymous_1)
FNDA:0,(anonymous_2)
FNDA:0,(anonymous_3)
DA:5,1
DA:6,0
DA:9,1
DA:10,0
LF:4
LH:2
BRF:0
BRH:0
end_of_record
TN:
SF:src\data\redux\actions\comments\index.ts
FN:5,(anonymous_0)
FN:5,(anonymous_1)
FNF:2
FNH:0
FNDA:0,(anonymous_0)
FNDA:0,(anonymous_1)
DA:5,1
DA:6,0
DA:7,0
DA:8,0
DA:9,0
DA:11,0
LF:6
LH:1
BRF:0
BRH:0
end_of_record
TN:
SF:src\data\redux\actions\issues\index.ts
FN:8,(anonymous_0)
FN:8,(anonymous_1)
FN:13,(anonymous_2)
FN:14,(anonymous_3)
FN:32,(anonymous_4)
FN:32,(anonymous_5)
FN:36,(anonymous_6)
FN:36,(anonymous_7)
FN:40,(anonymous_8)
FN:40,(anonymous_9)
FN:44,(anonymous_10)
FN:44,(anonymous_11)
FNF:12
FNH:0
FNDA:0,(anonymous_0)
FNDA:0,(anonymous_1)
FNDA:0,(anonymous_2)
FNDA:0,(anonymous_3)
FNDA:0,(anonymous_4)
FNDA:0,(anonymous_5)
FNDA:0,(anonymous_6)
FNDA:0,(anonymous_7)
FNDA:0,(anonymous_8)
FNDA:0,(anonymous_9)
FNDA:0,(anonymous_10)
FNDA:0,(anonymous_11)
DA:8,1
DA:9,0
DA:11,0
DA:13,0
DA:14,0
DA:15,0
DA:18,0
DA:19,0
DA:26,0
DA:28,0
DA:32,1
DA:33,0
DA:36,1
DA:37,0
DA:40,1
DA:41,0
DA:44,1
DA:45,0
LF:18
LH:5
BRDA:14,0,0,0
BRDA:14,0,1,0
BRDA:14,1,0,0
BRDA:14,1,1,0
BRF:4
BRH:0
end_of_record
TN:
SF:src\data\redux\reducers\bookmarks\index.ts
FN:7,(anonymous_0)
FN:17,(anonymous_1)
FNF:2
FNH:1
FNDA:3,(anonymous_0)
FNDA:0,(anonymous_1)
DA:3,1
DA:8,3
DA:10,0
DA:15,0
DA:17,0
DA:20,3
LF:6
LH:3
BRDA:7,0,0,3
BRDA:8,1,0,0
BRDA:8,1,1,0
BRDA:8,1,2,3
BRF:4
BRH:2
end_of_record
TN:
SF:src\data\redux\reducers\comments\index.ts
FN:8,(anonymous_0)
FNF:1
FNH:1
FNDA:3,(anonymous_0)
DA:3,1
DA:9,3
DA:11,0
DA:13,0
DA:20,0
DA:23,3
LF:6
LH:3
BRDA:8,0,0,3
BRDA:9,1,0,0
BRDA:9,1,1,0
BRDA:9,1,2,0
BRDA:9,1,3,3
BRF:5
BRH:2
end_of_record
TN:
SF:src\data\redux\reducers\issues\index.ts
FN:17,(anonymous_0)
FN:59,(anonymous_1)
FNF:2
FNH:1
FNDA:3,(anonymous_0)
FNDA:0,(anonymous_1)
DA:3,1
DA:8,1
DA:18,3
DA:20,0
DA:23,0
DA:31,0
DA:40,0
DA:46,0
DA:52,0
DA:58,0
DA:59,0
DA:61,0
DA:68,3
LF:13
LH:4
BRDA:17,0,0,3
BRDA:18,1,0,0
BRDA:18,1,1,0
BRDA:18,1,2,0
BRDA:18,1,3,0
BRDA:18,1,4,0
BRDA:18,1,5,0
BRDA:18,1,6,0
BRDA:18,1,7,3
BRF:9
BRH:2
end_of_record
TN:
SF:src\hooks\useColorScheme.ts
FN:3,useColorScheme
FNF:1
FNH:1
FNDA:16,useColorScheme
DA:4,16
LF:1
LH:1
BRF:0
BRH:0
end_of_record
TN:
SF:src\hooks\useIssues.ts
FN:7,useIssues
FN:14,(anonymous_1)
FN:18,(anonymous_2)
FN:22,(anonymous_3)
FN:28,(anonymous_4)
FN:34,(anonymous_5)
FNF:6
FNH:3
FNDA:2,useIssues
FNDA:2,(anonymous_1)
FNDA:0,(anonymous_2)
FNDA:0,(anonymous_3)
FNDA:0,(anonymous_4)
FNDA:4,(anonymous_5)
DA:14,2
DA:16,2
DA:18,2
DA:19,0
DA:22,2
DA:23,0
DA:24,0
DA:25,0
DA:28,2
DA:29,0
DA:30,0
DA:31,0
DA:34,4
DA:36,2
LF:14
LH:7
BRF:0
BRH:0
end_of_record
TN:
SF:src\hooks\useIssuesScreen.ts
FN:6,useIssuesScreen
FN:7,(anonymous_1)
FN:12,(anonymous_2)
FN:15,(anonymous_3)
FNF:4
FNH:2
FNDA:2,useIssuesScreen
FNDA:2,(anonymous_1)
FNDA:0,(anonymous_2)
FNDA:0,(anonymous_3)
DA:7,2
DA:8,2
DA:10,2
DA:12,2
DA:13,0
DA:15,2
DA:16,0
DA:19,2
LF:8
LH:6
BRF:0
BRH:0
end_of_record
TN:
SF:src\hooks\useThemeColor.ts
FN:4,useThemeColor
FNF:1
FNH:1
FNDA:16,useThemeColor
DA:8,16
DA:9,16
DA:11,16
DA:12,0
DA:14,16
LF:5
LH:4
BRDA:11,0,0,0
BRDA:11,0,1,16
BRF:2
BRH:1
end_of_record
TN:
SF:src\screens\FiltersScreen\index.tsx
FN:19,FiltersScreen
FN:33,(anonymous_1)
FN:37,(anonymous_2)
FN:37,(anonymous_3)
FN:42,(anonymous_4)
FN:49,(anonymous_5)
FN:53,(anonymous_6)
FN:68,(anonymous_7)
FN:70,(anonymous_8)
FNF:9
FNH:5
FNDA:2,FiltersScreen
FNDA:1,(anonymous_1)
FNDA:2,(anonymous_2)
FNDA:2,(anonymous_3)
FNDA:0,(anonymous_4)
FNDA:0,(anonymous_5)
FNDA:0,(anonymous_6)
FNDA:4,(anonymous_7)
FNDA:0,(anonymous_8)
DA:20,2
DA:21,2
DA:22,2
DA:23,2
DA:25,2
DA:26,2
DA:27,2
DA:29,2
DA:30,2
DA:31,2
DA:33,2
DA:34,1
DA:35,1
DA:37,2
DA:42,2
DA:43,0
DA:44,0
DA:45,0
DA:46,0
DA:49,2
DA:50,0
DA:51,0
DA:53,0
DA:57,2
DA:59,2
DA:69,4
DA:70,0
LF:27
LH:19
BRDA:34,0,0,1
BRDA:34,0,1,0
BRDA:37,1,0,2
BRDA:37,1,1,2
BRDA:50,2,0,0
BRDA:50,2,1,0
BRDA:74,3,0,4
BRDA:74,3,1,2
BRF:8
BRH:5
end_of_record
TN:
SF:src\screens\FiltersScreen\styles.tsx
FNF:0
FNH:0
LF:0
LH:0
BRF:0
BRH:0
end_of_record
TN:
SF:src\screens\IssueDetailsScreen\index.tsx
FN:25,IssuesDetailsScreen
FN:28,(anonymous_1)
FN:29,(anonymous_2)
FN:33,(anonymous_3)
FN:37,(anonymous_4)
FN:42,(anonymous_5)
FN:47,(anonymous_6)
FN:58,(anonymous_7)
FN:82,(anonymous_8)
FNF:9
FNH:0
FNDA:0,IssuesDetailsScreen
FNDA:0,(anonymous_1)
FNDA:0,(anonymous_2)
FNDA:0,(anonymous_3)
FNDA:0,(anonymous_4)
FNDA:0,(anonymous_5)
FNDA:0,(anonymous_6)
FNDA:0,(anonymous_7)
FNDA:0,(anonymous_8)
DA:26,0
DA:28,0
DA:29,0
DA:31,0
DA:33,0
DA:34,0
DA:37,0
DA:38,0
DA:39,0
DA:42,0
DA:43,0
DA:44,0
DA:47,0
DA:48,0
DA:50,0
DA:59,0
DA:83,0
LF:17
LH:0
BRDA:48,0,0,0
BRDA:48,0,1,0
BRDA:68,1,0,0
BRDA:68,1,1,0
BRDA:72,2,0,0
BRDA:72,2,1,0
BRDA:74,3,0,0
BRDA:74,3,1,0
BRF:8
BRH:0
end_of_record
TN:
SF:src\screens\IssueDetailsScreen\styles.tsx
FNF:0
FNH:0
LF:0
LH:0
BRF:0
BRH:0
end_of_record
TN:
SF:src\screens\IssueDetailsScreen\Comment\index.tsx
FN:11,Comment
FNF:1
FNH:0
FNDA:0,Comment
DA:12,0
DA:14,0
LF:2
LH:0
BRF:0
BRH:0
end_of_record
TN:
SF:src\screens\IssueDetailsScreen\Comment\styles.tsx
FNF:0
FNH:0
LF:0
LH:0
BRF:0
BRH:0
end_of_record
TN:
SF:src\screens\IssuesScreen\Issue\styles.tsx
FNF:0
FNH:0
LF:0
LH:0
BRF:0
BRH:0
end_of_record
TN:
SF:src\screens\IssuesScreen\Issue\Header\index.tsx
FN:13,Header
FNF:1
FNH:0
FNDA:0,Header
DA:14,0
DA:16,0
LF:2
LH:0
BRDA:22,0,0,0
BRDA:22,0,1,0
BRDA:29,1,0,0
BRDA:29,1,1,0
BRF:4
BRH:0
end_of_record
TN:
SF:src\screens\IssuesScreen\Issue\Header\styles.tsx
FNF:0
FNH:0
LF:0
LH:0
BRF:0
BRH:0
end_of_record
TN:
SF:src\types\bookmarks.ts
FNF:0
FNH:0
LF:0
LH:0
BRF:0
BRH:0
end_of_record
TN:
SF:src\types\comments.ts
FNF:0
FNH:0
LF:0
LH:0
BRF:0
BRH:0
end_of_record
TN:
SF:src\types\issues.ts
FNF:0
FNH:0
LF:0
LH:0
BRF:0
BRH:0
end_of_record
TN:
SF:src\utils\helpers.ts
FN:1,(anonymous_0)
FNF:1
FNH:0
FNDA:0,(anonymous_0)
DA:1,1
DA:2,0
DA:9,0
DA:21,0
LF:4
LH:1
BRF:0
BRH:0
end_of_record
